2025-09-08 19:29:43,328 DEBUG: Initialized BasicBot (dry_run=True) with base_url=https://testnet.binancefuture.com
2025-09-08 19:29:43,328 INFO: Placing MARKET order BTCUSDT BUY 0.001
2025-09-08 19:29:45,419 DEBUG: REQUEST --> POST https://testnet.binancefuture.com/fapi/v1/order params={'symbol': 'BTCUSDT', 'side': 'BUY', 'type': 'MARKET', 'quantity': 0.001, 'reduceOnly': 'false', 'closePosition': 'false', 'timestamp': 1757340001144, 'recvWindow': 15000}
2025-09-08 19:29:45,419 INFO: [DRY RUN] Would send request: POST https://testnet.binancefuture.com/fapi/v1/order
2025-09-08 19:29:45,421 INFO: Order result: {'dry_run': True, 'method': 'POST', 'url': 'https://testnet.binancefuture.com/fapi/v1/order', 'params': {'symbol': 'BTCUSDT', 'side': 'BUY', 'type': 'MARKET', 'quantity': 0.001, 'reduceOnly': 'false', 'closePosition': 'false', 'timestamp': 1757340001144, 'recvWindow': 15000, 'signature': '0cadba916287381024900b0f506adc500348fee8b8a999514c0dc2bb3477ca95'}}
2025-09-08 19:30:14,693 DEBUG: Initialized BasicBot (dry_run=False) with base_url=https://testnet.binancefuture.com
2025-09-08 19:30:14,693 INFO: Placing MARKET order BTCUSDT BUY 0.001
2025-09-08 19:30:15,450 DEBUG: REQUEST --> POST https://testnet.binancefuture.com/fapi/v1/order params={'symbol': 'BTCUSDT', 'side': 'BUY', 'type': 'MARKET', 'quantity': 0.001, 'reduceOnly': 'false', 'closePosition': 'false', 'timestamp': 1757340031299, 'recvWindow': 15000}
2025-09-08 19:30:15,739 DEBUG: HTTP POST https://testnet.binancefuture.com/fapi/v1/order --> status 200
2025-09-08 19:30:15,739 DEBUG: RESPONSE <-- {'orderId': 5642604997, 'symbol': 'BTCUSDT', 'status': 'NEW', 'clientOrderId': '31hXa67ooa6aJx9EpAxotp', 'price': '0.00', 'avgPrice': '0.00', 'origQty': '0.001', 'executedQty': '0.000', 'cumQty': '0.000', 'cumQuote': '0.00000', 'timeInForce': 'GTC', 'type': 'MARKET', 'reduceOnly': False, 'closePosition': False, 'side': 'BUY', 'positionSide': 'BOTH', 'stopPrice': '0.00', 'workingType': 'CONTRACT_PRICE', 'priceProtect': False, 'origType': 'MARKET', 'priceMatch': 'NONE', 'selfTradePreventionMode': 'EXPIRE_MAKER', 'goodTillDate': 0, 'updateTime': 1757340031000}
2025-09-08 19:30:15,739 INFO: Order result: {'orderId': 5642604997, 'symbol': 'BTCUSDT', 'status': 'NEW', 'clientOrderId': '31hXa67ooa6aJx9EpAxotp', 'price': '0.00', 'avgPrice': '0.00', 'origQty': '0.001', 'executedQty': '0.000', 'cumQty': '0.000', 'cumQuote': '0.00000', 'timeInForce': 'GTC', 'type': 'MARKET', 'reduceOnly': False, 'closePosition': False, 'side': 'BUY', 'positionSide': 'BOTH', 'stopPrice': '0.00', 'workingType': 'CONTRACT_PRICE', 'priceProtect': False, 'origType': 'MARKET', 'priceMatch': 'NONE', 'selfTradePreventionMode': 'EXPIRE_MAKER', 'goodTillDate': 0, 'updateTime': 1757340031000}
2025-09-08 19:30:59,586 DEBUG: Initialized BasicBot (dry_run=False) with base_url=https://testnet.binancefuture.com
2025-09-08 19:30:59,586 INFO: Placing TWAP order BTCUSDT BUY total=0.005 slices=5 duration=60s
2025-09-08 19:30:59,586 INFO: Starting TWAP: BTCUSDT BUY total=0.005 slices=5 interval=12.00s slice_qty=0.00100000
2025-09-08 19:30:59,586 INFO: TWAP slice 1/5 placing market order qty=0.001
2025-09-08 19:31:00,488 DEBUG: REQUEST --> POST https://testnet.binancefuture.com/fapi/v1/order params={'symbol': 'BTCUSDT', 'side': 'BUY', 'type': 'MARKET', 'quantity': 0.001, 'reduceOnly': 'false', 'closePosition': 'false', 'timestamp': 1757340076230, 'recvWindow': 15000}
2025-09-08 19:31:01,103 DEBUG: HTTP POST https://testnet.binancefuture.com/fapi/v1/order --> status 200
2025-09-08 19:31:01,103 DEBUG: RESPONSE <-- {'orderId': 5642606524, 'symbol': 'BTCUSDT', 'status': 'NEW', 'clientOrderId': 'd5QvtISf4pdvxMyRMOd6lF', 'price': '0.00', 'avgPrice': '0.00', 'origQty': '0.001', 'executedQty': '0.000', 'cumQty': '0.000', 'cumQuote': '0.00000', 'timeInForce': 'GTC', 'type': 'MARKET', 'reduceOnly': False, 'closePosition': False, 'side': 'BUY', 'positionSide': 'BOTH', 'stopPrice': '0.00', 'workingType': 'CONTRACT_PRICE', 'priceProtect': False, 'origType': 'MARKET', 'priceMatch': 'NONE', 'selfTradePreventionMode': 'EXPIRE_MAKER', 'goodTillDate': 0, 'updateTime': 1757340076358}
2025-09-08 19:31:01,103 INFO: Order result: {'orderId': 5642606524, 'symbol': 'BTCUSDT', 'status': 'NEW', 'clientOrderId': 'd5QvtISf4pdvxMyRMOd6lF', 'price': '0.00', 'avgPrice': '0.00', 'origQty': '0.001', 'executedQty': '0.000', 'cumQty': '0.000', 'cumQuote': '0.00000', 'timeInForce': 'GTC', 'type': 'MARKET', 'reduceOnly': False, 'closePosition': False, 'side': 'BUY', 'positionSide': 'BOTH', 'stopPrice': '0.00', 'workingType': 'CONTRACT_PRICE', 'priceProtect': False, 'origType': 'MARKET', 'priceMatch': 'NONE', 'selfTradePreventionMode': 'EXPIRE_MAKER', 'goodTillDate': 0, 'updateTime': 1757340076358}
2025-09-08 19:31:13,105 INFO: TWAP slice 2/5 placing market order qty=0.001
2025-09-08 19:31:13,698 DEBUG: REQUEST --> POST https://testnet.binancefuture.com/fapi/v1/order params={'symbol': 'BTCUSDT', 'side': 'BUY', 'type': 'MARKET', 'quantity': 0.001, 'reduceOnly': 'false', 'closePosition': 'false', 'timestamp': 1757340089496, 'recvWindow': 15000}
2025-09-08 19:31:14,312 DEBUG: HTTP POST https://testnet.binancefuture.com/fapi/v1/order --> status 200
2025-09-08 19:31:14,312 DEBUG: RESPONSE <-- {'orderId': 5642607051, 'symbol': 'BTCUSDT', 'status': 'NEW', 'clientOrderId': '8HSyKM0uP0RjlqJ7Nma8UC', 'price': '0.00', 'avgPrice': '0.00', 'origQty': '0.001', 'executedQty': '0.000', 'cumQty': '0.000', 'cumQuote': '0.00000', 'timeInForce': 'GTC', 'type': 'MARKET', 'reduceOnly': False, 'closePosition': False, 'side': 'BUY', 'positionSide': 'BOTH', 'stopPrice': '0.00', 'workingType': 'CONTRACT_PRICE', 'priceProtect': False, 'origType': 'MARKET', 'priceMatch': 'NONE', 'selfTradePreventionMode': 'EXPIRE_MAKER', 'goodTillDate': 0, 'updateTime': 1757340089563}
2025-09-08 19:31:14,313 INFO: Order result: {'orderId': 5642607051, 'symbol': 'BTCUSDT', 'status': 'NEW', 'clientOrderId': '8HSyKM0uP0RjlqJ7Nma8UC', 'price': '0.00', 'avgPrice': '0.00', 'origQty': '0.001', 'executedQty': '0.000', 'cumQty': '0.000', 'cumQuote': '0.00000', 'timeInForce': 'GTC', 'type': 'MARKET', 'reduceOnly': False, 'closePosition': False, 'side': 'BUY', 'positionSide': 'BOTH', 'stopPrice': '0.00', 'workingType': 'CONTRACT_PRICE', 'priceProtect': False, 'origType': 'MARKET', 'priceMatch': 'NONE', 'selfTradePreventionMode': 'EXPIRE_MAKER', 'goodTillDate': 0, 'updateTime': 1757340089563}
2025-09-08 19:31:26,314 INFO: TWAP slice 3/5 placing market order qty=0.001
2025-09-08 19:31:26,601 DEBUG: REQUEST --> POST https://testnet.binancefuture.com/fapi/v1/order params={'symbol': 'BTCUSDT', 'side': 'BUY', 'type': 'MARKET', 'quantity': 0.001, 'reduceOnly': 'false', 'closePosition': 'false', 'timestamp': 1757340102370, 'recvWindow': 15000}
2025-09-08 19:31:26,908 DEBUG: HTTP POST https://testnet.binancefuture.com/fapi/v1/order --> status 200
2025-09-08 19:31:26,909 DEBUG: RESPONSE <-- {'orderId': 5642607473, 'symbol': 'BTCUSDT', 'status': 'NEW', 'clientOrderId': 'iY7PLMxqZ37V1vHT5Erays', 'price': '0.00', 'avgPrice': '0.00', 'origQty': '0.001', 'executedQty': '0.000', 'cumQty': '0.000', 'cumQuote': '0.00000', 'timeInForce': 'GTC', 'type': 'MARKET', 'reduceOnly': False, 'closePosition': False, 'side': 'BUY', 'positionSide': 'BOTH', 'stopPrice': '0.00', 'workingType': 'CONTRACT_PRICE', 'priceProtect': False, 'origType': 'MARKET', 'priceMatch': 'NONE', 'selfTradePreventionMode': 'EXPIRE_MAKER', 'goodTillDate': 0, 'updateTime': 1757340102148}
2025-09-08 19:31:26,909 INFO: Order result: {'orderId': 5642607473, 'symbol': 'BTCUSDT', 'status': 'NEW', 'clientOrderId': 'iY7PLMxqZ37V1vHT5Erays', 'price': '0.00', 'avgPrice': '0.00', 'origQty': '0.001', 'executedQty': '0.000', 'cumQty': '0.000', 'cumQuote': '0.00000', 'timeInForce': 'GTC', 'type': 'MARKET', 'reduceOnly': False, 'closePosition': False, 'side': 'BUY', 'positionSide': 'BOTH', 'stopPrice': '0.00', 'workingType': 'CONTRACT_PRICE', 'priceProtect': False, 'origType': 'MARKET', 'priceMatch': 'NONE', 'selfTradePreventionMode': 'EXPIRE_MAKER', 'goodTillDate': 0, 'updateTime': 1757340102148}
2025-09-08 19:31:38,910 INFO: TWAP slice 4/5 placing market order qty=0.001
2025-09-08 19:31:39,504 DEBUG: REQUEST --> POST https://testnet.binancefuture.com/fapi/v1/order params={'symbol': 'BTCUSDT', 'side': 'BUY', 'type': 'MARKET', 'quantity': 0.001, 'reduceOnly': 'false', 'closePosition': 'false', 'timestamp': 1757340115286, 'recvWindow': 15000}
2025-09-08 19:31:40,032 DEBUG: HTTP POST https://testnet.binancefuture.com/fapi/v1/order --> status 200
2025-09-08 19:31:40,032 DEBUG: RESPONSE <-- {'orderId': 5642607813, 'symbol': 'BTCUSDT', 'status': 'NEW', 'clientOrderId': 'c1EUhXWd9dDUWNhlDk1rU4', 'price': '0.00', 'avgPrice': '0.00', 'origQty': '0.001', 'executedQty': '0.000', 'cumQty': '0.000', 'cumQuote': '0.00000', 'timeInForce': 'GTC', 'type': 'MARKET', 'reduceOnly': False, 'closePosition': False, 'side': 'BUY', 'positionSide': 'BOTH', 'stopPrice': '0.00', 'workingType': 'CONTRACT_PRICE', 'priceProtect': False, 'origType': 'MARKET', 'priceMatch': 'NONE', 'selfTradePreventionMode': 'EXPIRE_MAKER', 'goodTillDate': 0, 'updateTime': 1757340115371}
2025-09-08 19:31:40,032 INFO: Order result: {'orderId': 5642607813, 'symbol': 'BTCUSDT', 'status': 'NEW', 'clientOrderId': 'c1EUhXWd9dDUWNhlDk1rU4', 'price': '0.00', 'avgPrice': '0.00', 'origQty': '0.001', 'executedQty': '0.000', 'cumQty': '0.000', 'cumQuote': '0.00000', 'timeInForce': 'GTC', 'type': 'MARKET', 'reduceOnly': False, 'closePosition': False, 'side': 'BUY', 'positionSide': 'BOTH', 'stopPrice': '0.00', 'workingType': 'CONTRACT_PRICE', 'priceProtect': False, 'origType': 'MARKET', 'priceMatch': 'NONE', 'selfTradePreventionMode': 'EXPIRE_MAKER', 'goodTillDate': 0, 'updateTime': 1757340115371}
2025-09-08 19:31:52,034 INFO: TWAP slice 5/5 placing market order qty=0.001
2025-09-08 19:31:52,292 DEBUG: REQUEST --> POST https://testnet.binancefuture.com/fapi/v1/order params={'symbol': 'BTCUSDT', 'side': 'BUY', 'type': 'MARKET', 'quantity': 0.001, 'reduceOnly': 'false', 'closePosition': 'false', 'timestamp': 1757340128095, 'recvWindow': 15000}
2025-09-08 19:31:53,224 DEBUG: HTTP POST https://testnet.binancefuture.com/fapi/v1/order --> status 200
2025-09-08 19:31:53,224 DEBUG: RESPONSE <-- {'orderId': 5642608198, 'symbol': 'BTCUSDT', 'status': 'NEW', 'clientOrderId': '8OHvWtk8oQrpXV5F51PHcu', 'price': '0.00', 'avgPrice': '0.00', 'origQty': '0.001', 'executedQty': '0.000', 'cumQty': '0.000', 'cumQuote': '0.00000', 'timeInForce': 'GTC', 'type': 'MARKET', 'reduceOnly': False, 'closePosition': False, 'side': 'BUY', 'positionSide': 'BOTH', 'stopPrice': '0.00', 'workingType': 'CONTRACT_PRICE', 'priceProtect': False, 'origType': 'MARKET', 'priceMatch': 'NONE', 'selfTradePreventionMode': 'EXPIRE_MAKER', 'goodTillDate': 0, 'updateTime': 1757340128146}
2025-09-08 19:31:53,224 INFO: Order result: {'orderId': 5642608198, 'symbol': 'BTCUSDT', 'status': 'NEW', 'clientOrderId': '8OHvWtk8oQrpXV5F51PHcu', 'price': '0.00', 'avgPrice': '0.00', 'origQty': '0.001', 'executedQty': '0.000', 'cumQty': '0.000', 'cumQuote': '0.00000', 'timeInForce': 'GTC', 'type': 'MARKET', 'reduceOnly': False, 'closePosition': False, 'side': 'BUY', 'positionSide': 'BOTH', 'stopPrice': '0.00', 'workingType': 'CONTRACT_PRICE', 'priceProtect': False, 'origType': 'MARKET', 'priceMatch': 'NONE', 'selfTradePreventionMode': 'EXPIRE_MAKER', 'goodTillDate': 0, 'updateTime': 1757340128146}
2025-09-08 19:31:53,226 INFO: TWAP complete
